Copyright 1986-2018 Xilinx, Inc. All Rights Reserved.
-----------------------------------------------------------------------------------------------------------------------------------------------------------------------------------------------------------------
| Tool Version : Vivado v.2018.1 (win64) Build 2188600 Wed Apr  4 18:40:38 MDT 2018
| Date         : Sun May 18 11:59:40 2025
| Host         : DESKTOP-NP5NV58 running 64-bit major release  (build 9200)
| Command      : report_timing_summary -max_paths 10 -file Nano_processor_timing_summary_routed.rpt -pb Nano_processor_timing_summary_routed.pb -rpx Nano_processor_timing_summary_routed.rpx -warn_on_violation
| Design       : Nano_processor
| Device       : 7a35t-cpg236
| Speed File   : -1  PRODUCTION 1.21 2018-02-08
-----------------------------------------------------------------------------------------------------------------------------------------------------------------------------------------------------------------

Timing Summary Report

------------------------------------------------------------------------------------------------
| Timer Settings
| --------------
------------------------------------------------------------------------------------------------

  Enable Multi Corner Analysis               :  Yes
  Enable Pessimism Removal                   :  Yes
  Pessimism Removal Resolution               :  Nearest Common Node
  Enable Input Delay Default Clock           :  No
  Enable Preset / Clear Arcs                 :  No
  Disable Flight Delays                      :  No
  Ignore I/O Paths                           :  No
  Timing Early Launch at Borrowing Latches   :  false

  Corner  Analyze    Analyze    
  Name    Max Paths  Min Paths  
  ------  ---------  ---------  
  Slow    Yes        Yes        
  Fast    Yes        Yes        



check_timing report

Table of Contents
-----------------
1. checking no_clock
2. checking constant_clock
3. checking pulse_width_clock
4. checking unconstrained_internal_endpoints
5. checking no_input_delay
6. checking no_output_delay
7. checking multiple_clock
8. checking generated_clocks
9. checking loops
10. checking partial_input_delay
11. checking partial_output_delay
12. checking latch_loops

1. checking no_clock
--------------------
 There are 19 register/latch pins with no clock driven by root clock pin: Slow_Clk_0/Clk_out_reg/Q (HIGH)


2. checking constant_clock
--------------------------
 There are 0 register/latch pins with constant_clock.


3. checking pulse_width_clock
-----------------------------
 There are 0 register/latch pins which need pulse_width check


4. checking unconstrained_internal_endpoints
--------------------------------------------
 There are 51 pins that are not constrained for maximum delay. (HIGH)

 There are 0 pins that are not constrained for maximum delay due to constant clock.


5. checking no_input_delay
--------------------------
 There is 1 input port with no input delay specified. (HIGH)

 There are 0 input ports with no input delay but user has a false path constraint.


6. checking no_output_delay
---------------------------
 There are 15 ports with no output delay specified. (HIGH)

 There are 0 ports with no output delay but user has a false path constraint

 There are 0 ports with no output delay but with a timing clock defined on it or propagating through it


7. checking multiple_clock
--------------------------
 There are 0 register/latch pins with multiple clocks.


8. checking generated_clocks
----------------------------
 There are 0 generated clocks that are not connected to a clock source.


9. checking loops
-----------------
 There are 0 combinational loops in the design.


10. checking partial_input_delay
--------------------------------
 There are 0 input ports with partial input delay specified.


11. checking partial_output_delay
---------------------------------
 There are 0 ports with partial output delay specified.


12. checking latch_loops
------------------------
 There are 0 combinational latch loops in the design through latch input



------------------------------------------------------------------------------------------------
| Design Timing Summary
| ---------------------
------------------------------------------------------------------------------------------------

    WNS(ns)      TNS(ns)  TNS Failing Endpoints  TNS Total Endpoints      WHS(ns)      THS(ns)  THS Failing Endpoints  THS Total Endpoints     WPWS(ns)     TPWS(ns)  TPWS Failing Endpoints  TPWS Total Endpoints  
    -------      -------  ---------------------  -------------------      -------      -------  ---------------------  -------------------     --------     --------  ----------------------  --------------------  
      5.196        0.000                      0                   65        0.278        0.000                      0                   65        4.500        0.000                       0                    35  


All user specified timing constraints are met.


------------------------------------------------------------------------------------------------
| Clock Summary
| -------------
------------------------------------------------------------------------------------------------

Clock        Waveform(ns)       Period(ns)      Frequency(MHz)
-----        ------------       ----------      --------------
sys_clk_pin  {0.000 5.000}      10.000          100.000         


------------------------------------------------------------------------------------------------
| Intra Clock Table
| -----------------
------------------------------------------------------------------------------------------------

Clock             WNS(ns)      TNS(ns)  TNS Failing Endpoints  TNS Total Endpoints      WHS(ns)      THS(ns)  THS Failing Endpoints  THS Total Endpoints     WPWS(ns)     TPWS(ns)  TPWS Failing Endpoints  TPWS Total Endpoints  
-----             -------      -------  ---------------------  -------------------      -------      -------  ---------------------  -------------------     --------     --------  ----------------------  --------------------  
sys_clk_pin         5.196        0.000                      0                   65        0.278        0.000                      0                   65        4.500        0.000                       0                    35  


------------------------------------------------------------------------------------------------
| Inter Clock Table
| -----------------
------------------------------------------------------------------------------------------------

From Clock    To Clock          WNS(ns)      TNS(ns)  TNS Failing Endpoints  TNS Total Endpoints      WHS(ns)      THS(ns)  THS Failing Endpoints  THS Total Endpoints  
----------    --------          -------      -------  ---------------------  -------------------      -------      -------  ---------------------  -------------------  


------------------------------------------------------------------------------------------------
| Other Path Groups Table
| -----------------------
------------------------------------------------------------------------------------------------

Path Group    From Clock    To Clock          WNS(ns)      TNS(ns)  TNS Failing Endpoints  TNS Total Endpoints      WHS(ns)      THS(ns)  THS Failing Endpoints  THS Total Endpoints  
----------    ----------    --------          -------      -------  ---------------------  -------------------      -------      -------  ---------------------  -------------------  


------------------------------------------------------------------------------------------------
| Timing Details
| --------------
------------------------------------------------------------------------------------------------


---------------------------------------------------------------------------------------------------
From Clock:  sys_clk_pin
  To Clock:  sys_clk_pin

Setup :            0  Failing Endpoints,  Worst Slack        5.196ns,  Total Violation        0.000ns
Hold  :            0  Failing Endpoints,  Worst Slack        0.278ns,  Total Violation        0.000ns
PW    :            0  Failing Endpoints,  Worst Slack        4.500ns,  Total Violation        0.000ns
---------------------------------------------------------------------------------------------------


Max Delay Paths
--------------------------------------------------------------------------------------
Slack (MET) :             5.196ns  (required time - arrival time)
  Source:                 Slow_Clk_0/count_reg[4]/C
                            (rising edge-triggered cell FDRE clocked by sys_clk_pin  {rise@0.000ns fall@5.000ns period=10.000ns})
  Destination:            Slow_Clk_0/count_reg[29]/R
                            (rising edge-triggered cell FDRE clocked by sys_clk_pin  {rise@0.000ns fall@5.000ns period=10.000ns})
  Path Group:             sys_clk_pin
  Path Type:              Setup (Max at Slow Process Corner)
  Requirement:            10.000ns  (sys_clk_pin rise@10.000ns - sys_clk_pin rise@0.000ns)
  Data Path Delay:        4.298ns  (logic 1.056ns (24.570%)  route 3.242ns (75.431%))
  Logic Levels:           3  (LUT4=2 LUT5=1)
  Clock Path Skew:        -0.042ns (DCD - SCD + CPR)
    Destination Clock Delay (DCD):    4.845ns = ( 14.845 - 10.000 ) 
    Source Clock Delay      (SCD):    5.147ns
    Clock Pessimism Removal (CPR):    0.260ns
  Clock Uncertainty:      0.035ns  ((TSJ^2 + TIJ^2)^1/2 + DJ) / 2 + PE
    Total System Jitter     (TSJ):    0.071ns
    Total Input Jitter      (TIJ):    0.000ns
    Discrete Jitter          (DJ):    0.000ns
    Phase Error              (PE):    0.000ns

    Location             Delay type                Incr(ns)  Path(ns)    Netlist Resource(s)
  -------------------------------------------------------------------    -------------------
                         (clock sys_clk_pin rise edge)
                                                      0.000     0.000 r  
    W5                                                0.000     0.000 r  Clk (IN)
                         net (fo=0)                   0.000     0.000    Clk
    W5                   IBUF (Prop_ibuf_I_O)         1.458     1.458 r  Clk_IBUF_inst/O
                         net (fo=1, routed)           1.967     3.425    Clk_IBUF
    BUFGCTRL_X0Y0        BUFG (Prop_bufg_I_O)         0.096     3.521 r  Clk_IBUF_BUFG_inst/O
                         net (fo=34, routed)          1.626     5.147    Slow_Clk_0/Clk_IBUF_BUFG
    SLICE_X62Y19         FDRE                                         r  Slow_Clk_0/count_reg[4]/C
  -------------------------------------------------------------------    -------------------
    SLICE_X62Y19         FDRE (Prop_fdre_C_Q)         0.456     5.603 f  Slow_Clk_0/count_reg[4]/Q
                         net (fo=2, routed)           0.811     6.414    Slow_Clk_0/count[4]
    SLICE_X63Y20         LUT4 (Prop_lut4_I1_O)        0.124     6.538 f  Slow_Clk_0/count[31]_i_7/O
                         net (fo=1, routed)           0.433     6.971    Slow_Clk_0/count[31]_i_7_n_0
    SLICE_X63Y20         LUT5 (Prop_lut5_I4_O)        0.150     7.121 f  Slow_Clk_0/count[31]_i_3/O
                         net (fo=3, routed)           1.015     8.136    Slow_Clk_0/count[31]_i_3_n_0
    SLICE_X64Y22         LUT4 (Prop_lut4_I1_O)        0.326     8.462 r  Slow_Clk_0/count[31]_i_1/O
                         net (fo=31, routed)          0.983     9.445    Slow_Clk_0/count[31]_i_1_n_0
    SLICE_X62Y26         FDRE                                         r  Slow_Clk_0/count_reg[29]/R
  -------------------------------------------------------------------    -------------------

                         (clock sys_clk_pin rise edge)
                                                     10.000    10.000 r  
    W5                                                0.000    10.000 r  Clk (IN)
                         net (fo=0)                   0.000    10.000    Clk
    W5                   IBUF (Prop_ibuf_I_O)         1.388    11.388 r  Clk_IBUF_inst/O
                         net (fo=1, routed)           1.862    13.250    Clk_IBUF
    BUFGCTRL_X0Y0        BUFG (Prop_bufg_I_O)         0.091    13.341 r  Clk_IBUF_BUFG_inst/O
                         net (fo=34, routed)          1.504    14.845    Slow_Clk_0/Clk_IBUF_BUFG
    SLICE_X62Y26         FDRE                                         r  Slow_Clk_0/count_reg[29]/C
                         clock pessimism              0.260    15.105    
                         clock uncertainty           -0.035    15.070    
    SLICE_X62Y26         FDRE (Setup_fdre_C_R)       -0.429    14.641    Slow_Clk_0/count_reg[29]
  -------------------------------------------------------------------
                         required time                         14.641    
                         arrival time                          -9.445    
  -------------------------------------------------------------------
                         slack                                  5.196    

Slack (MET) :             5.196ns  (required time - arrival time)
  Source:                 Slow_Clk_0/count_reg[4]/C
                            (rising edge-triggered cell FDRE clocked by sys_clk_pin  {rise@0.000ns fall@5.000ns period=10.000ns})
  Destination:            Slow_Clk_0/count_reg[30]/R
                            (rising edge-triggered cell FDRE clocked by sys_clk_pin  {rise@0.000ns fall@5.000ns period=10.000ns})
  Path Group:             sys_clk_pin
  Path Type:              Setup (Max at Slow Process Corner)
  Requirement:            10.000ns  (sys_clk_pin rise@10.000ns - sys_clk_pin rise@0.000ns)
  Data Path Delay:        4.298ns  (logic 1.056ns (24.570%)  route 3.242ns (75.431%))
  Logic Levels:           3  (LUT4=2 LUT5=1)
  Clock Path Skew:        -0.042ns (DCD - SCD + CPR)
    Destination Clock Delay (DCD):    4.845ns = ( 14.845 - 10.000 ) 
    Source Clock Delay      (SCD):    5.147ns
    Clock Pessimism Removal (CPR):    0.260ns
  Clock Uncertainty:      0.035ns  ((TSJ^2 + TIJ^2)^1/2 + DJ) / 2 + PE
    Total System Jitter     (TSJ):    0.071ns
    Total Input Jitter      (TIJ):    0.000ns
    Discrete Jitter          (DJ):    0.000ns
    Phase Error              (PE):    0.000ns

    Location             Delay type                Incr(ns)  Path(ns)    Netlist Resource(s)
  -------------------------------------------------------------------    -------------------
                         (clock sys_clk_pin rise edge)
                                                      0.000     0.000 r  
    W5                                                0.000     0.000 r  Clk (IN)
                         net (fo=0)                   0.000     0.000    Clk
    W5                   IBUF (Prop_ibuf_I_O)         1.458     1.458 r  Clk_IBUF_inst/O
                         net (fo=1, routed)           1.967     3.425    Clk_IBUF
    BUFGCTRL_X0Y0        BUFG (Prop_bufg_I_O)         0.096     3.521 r  Clk_IBUF_BUFG_inst/O
                         net (fo=34, routed)          1.626     5.147    Slow_Clk_0/Clk_IBUF_BUFG
    SLICE_X62Y19         FDRE                                         r  Slow_Clk_0/count_reg[4]/C
  -------------------------------------------------------------------    -------------------
    SLICE_X62Y19         FDRE (Prop_fdre_C_Q)         0.456     5.603 f  Slow_Clk_0/count_reg[4]/Q
                         net (fo=2, routed)           0.811     6.414    Slow_Clk_0/count[4]
    SLICE_X63Y20         LUT4 (Prop_lut4_I1_O)        0.124     6.538 f  Slow_Clk_0/count[31]_i_7/O
                         net (fo=1, routed)           0.433     6.971    Slow_Clk_0/count[31]_i_7_n_0
    SLICE_X63Y20         LUT5 (Prop_lut5_I4_O)        0.150     7.121 f  Slow_Clk_0/count[31]_i_3/O
                         net (fo=3, routed)           1.015     8.136    Slow_Clk_0/count[31]_i_3_n_0
    SLICE_X64Y22         LUT4 (Prop_lut4_I1_O)        0.326     8.462 r  Slow_Clk_0/count[31]_i_1/O
                         net (fo=31, routed)          0.983     9.445    Slow_Clk_0/count[31]_i_1_n_0
    SLICE_X62Y26         FDRE                                         r  Slow_Clk_0/count_reg[30]/R
  -------------------------------------------------------------------    -------------------

                         (clock sys_clk_pin rise edge)
                                                     10.000    10.000 r  
    W5                                                0.000    10.000 r  Clk (IN)
                         net (fo=0)                   0.000    10.000    Clk
    W5                   IBUF (Prop_ibuf_I_O)         1.388    11.388 r  Clk_IBUF_inst/O
                         net (fo=1, routed)           1.862    13.250    Clk_IBUF
    BUFGCTRL_X0Y0        BUFG (Prop_bufg_I_O)         0.091    13.341 r  Clk_IBUF_BUFG_inst/O
                         net (fo=34, routed)          1.504    14.845    Slow_Clk_0/Clk_IBUF_BUFG
    SLICE_X62Y26         FDRE                                         r  Slow_Clk_0/count_reg[30]/C
                         clock pessimism              0.260    15.105    
                         clock uncertainty           -0.035    15.070    
    SLICE_X62Y26         FDRE (Setup_fdre_C_R)       -0.429    14.641    Slow_Clk_0/count_reg[30]
  -------------------------------------------------------------------
                         required time                         14.641    
                         arrival time                          -9.445    
  -------------------------------------------------------------------
                         slack                                  5.196    

Slack (MET) :             5.196ns  (required time - arrival time)
  Source:                 Slow_Clk_0/count_reg[4]/C
                            (rising edge-triggered cell FDRE clocked by sys_clk_pin  {rise@0.000ns fall@5.000ns period=10.000ns})
  Destination:            Slow_Clk_0/count_reg[31]/R
                            (rising edge-triggered cell FDRE clocked by sys_clk_pin  {rise@0.000ns fall@5.000ns period=10.000ns})
  Path Group:             sys_clk_pin
  Path Type:              Setup (Max at Slow Process Corner)
  Requirement:            10.000ns  (sys_clk_pin rise@10.000ns - sys_clk_pin rise@0.000ns)
  Data Path Delay:        4.298ns  (logic 1.056ns (24.570%)  route 3.242ns (75.431%))
  Logic Levels:           3  (LUT4=2 LUT5=1)
  Clock Path Skew:        -0.042ns (DCD - SCD + CPR)
    Destination Clock Delay (DCD):    4.845ns = ( 14.845 - 10.000 ) 
    Source Clock Delay      (SCD):    5.147ns
    Clock Pessimism Removal (CPR):    0.260ns
  Clock Uncertainty:      0.035ns  ((TSJ^2 + TIJ^2)^1/2 + DJ) / 2 + PE
    Total System Jitter     (TSJ):    0.071ns
    Total Input Jitter      (TIJ):    0.000ns
    Discrete Jitter          (DJ):    0.000ns
    Phase Error              (PE):    0.000ns

    Location             Delay type                Incr(ns)  Path(ns)    Netlist Resource(s)
  -------------------------------------------------------------------    -------------------
                         (clock sys_clk_pin rise edge)
                                                      0.000     0.000 r  
    W5                                                0.000     0.000 r  Clk (IN)
                         net (fo=0)                   0.000     0.000    Clk
    W5                   IBUF (Prop_ibuf_I_O)         1.458     1.458 r  Clk_IBUF_inst/O
                         net (fo=1, routed)           1.967     3.425    Clk_IBUF
    BUFGCTRL_X0Y0        BUFG (Prop_bufg_I_O)         0.096     3.521 r  Clk_IBUF_BUFG_inst/O
                         net (fo=34, routed)          1.626     5.147    Slow_Clk_0/Clk_IBUF_BUFG
    SLICE_X62Y19         FDRE                                         r  Slow_Clk_0/count_reg[4]/C
  -------------------------------------------------------------------    -------------------
    SLICE_X62Y19         FDRE (Prop_fdre_C_Q)         0.456     5.603 f  Slow_Clk_0/count_reg[4]/Q
                         net (fo=2, routed)           0.811     6.414    Slow_Clk_0/count[4]
    SLICE_X63Y20         LUT4 (Prop_lut4_I1_O)        0.124     6.538 f  Slow_Clk_0/count[31]_i_7/O
                         net (fo=1, routed)           0.433     6.971    Slow_Clk_0/count[31]_i_7_n_0
    SLICE_X63Y20         LUT5 (Prop_lut5_I4_O)        0.150     7.121 f  Slow_Clk_0/count[31]_i_3/O
                         net (fo=3, routed)           1.015     8.136    Slow_Clk_0/count[31]_i_3_n_0
    SLICE_X64Y22         LUT4 (Prop_lut4_I1_O)        0.326     8.462 r  Slow_Clk_0/count[31]_i_1/O
                         net (fo=31, routed)          0.983     9.445    Slow_Clk_0/count[31]_i_1_n_0
    SLICE_X62Y26         FDRE                                         r  Slow_Clk_0/count_reg[31]/R
  -------------------------------------------------------------------    -------------------

                         (clock sys_clk_pin rise edge)
                                                     10.000    10.000 r  
    W5                                                0.000    10.000 r  Clk (IN)
                         net (fo=0)                   0.000    10.000    Clk
    W5                   IBUF (Prop_ibuf_I_O)         1.388    11.388 r  Clk_IBUF_inst/O
                         net (fo=1, routed)           1.862    13.250    Clk_IBUF
    BUFGCTRL_X0Y0        BUFG (Prop_bufg_I_O)         0.091    13.341 r  Clk_IBUF_BUFG_inst/O
                         net (fo=34, routed)          1.504    14.845    Slow_Clk_0/Clk_IBUF_BUFG
    SLICE_X62Y26         FDRE                                         r  Slow_Clk_0/count_reg[31]/C
                         clock pessimism              0.260    15.105    
                         clock uncertainty           -0.035    15.070    
    SLICE_X62Y26         FDRE (Setup_fdre_C_R)       -0.429    14.641    Slow_Clk_0/count_reg[31]
  -------------------------------------------------------------------
                         required time                         14.641    
                         arrival time                          -9.445    
  -------------------------------------------------------------------
                         slack                                  5.196    

Slack (MET) :             5.336ns  (required time - arrival time)
  Source:                 Slow_Clk_0/count_reg[4]/C
                            (rising edge-triggered cell FDRE clocked by sys_clk_pin  {rise@0.000ns fall@5.000ns period=10.000ns})
  Destination:            Slow_Clk_0/count_reg[25]/R
                            (rising edge-triggered cell FDRE clocked by sys_clk_pin  {rise@0.000ns fall@5.000ns period=10.000ns})
  Path Group:             sys_clk_pin
  Path Type:              Setup (Max at Slow Process Corner)
  Requirement:            10.000ns  (sys_clk_pin rise@10.000ns - sys_clk_pin rise@0.000ns)
  Data Path Delay:        4.156ns  (logic 1.056ns (25.408%)  route 3.100ns (74.592%))
  Logic Levels:           3  (LUT4=2 LUT5=1)
  Clock Path Skew:        -0.044ns (DCD - SCD + CPR)
    Destination Clock Delay (DCD):    4.843ns = ( 14.843 - 10.000 ) 
    Source Clock Delay      (SCD):    5.147ns
    Clock Pessimism Removal (CPR):    0.260ns
  Clock Uncertainty:      0.035ns  ((TSJ^2 + TIJ^2)^1/2 + DJ) / 2 + PE
    Total System Jitter     (TSJ):    0.071ns
    Total Input Jitter      (TIJ):    0.000ns
    Discrete Jitter          (DJ):    0.000ns
    Phase Error              (PE):    0.000ns

    Location             Delay type                Incr(ns)  Path(ns)    Netlist Resource(s)
  -------------------------------------------------------------------    -------------------
                         (clock sys_clk_pin rise edge)
                                                      0.000     0.000 r  
    W5                                                0.000     0.000 r  Clk (IN)
                         net (fo=0)                   0.000     0.000    Clk
    W5                   IBUF (Prop_ibuf_I_O)         1.458     1.458 r  Clk_IBUF_inst/O
                         net (fo=1, routed)           1.967     3.425    Clk_IBUF
    BUFGCTRL_X0Y0        BUFG (Prop_bufg_I_O)         0.096     3.521 r  Clk_IBUF_BUFG_inst/O
                         net (fo=34, routed)          1.626     5.147    Slow_Clk_0/Clk_IBUF_BUFG
    SLICE_X62Y19         FDRE                                         r  Slow_Clk_0/count_reg[4]/C
  -------------------------------------------------------------------    -------------------
    SLICE_X62Y19         FDRE (Prop_fdre_C_Q)         0.456     5.603 f  Slow_Clk_0/count_reg[4]/Q
                         net (fo=2, routed)           0.811     6.414    Slow_Clk_0/count[4]
    SLICE_X63Y20         LUT4 (Prop_lut4_I1_O)        0.124     6.538 f  Slow_Clk_0/count[31]_i_7/O
                         net (fo=1, routed)           0.433     6.971    Slow_Clk_0/count[31]_i_7_n_0
    SLICE_X63Y20         LUT5 (Prop_lut5_I4_O)        0.150     7.121 f  Slow_Clk_0/count[31]_i_3/O
                         net (fo=3, routed)           1.015     8.136    Slow_Clk_0/count[31]_i_3_n_0
    SLICE_X64Y22         LUT4 (Prop_lut4_I1_O)        0.326     8.462 r  Slow_Clk_0/count[31]_i_1/O
                         net (fo=31, routed)          0.841     9.303    Slow_Clk_0/count[31]_i_1_n_0
    SLICE_X62Y25         FDRE                                         r  Slow_Clk_0/count_reg[25]/R
  -------------------------------------------------------------------    -------------------

                         (clock sys_clk_pin rise edge)
                                                     10.000    10.000 r  
    W5                                                0.000    10.000 r  Clk (IN)
                         net (fo=0)                   0.000    10.000    Clk
    W5                   IBUF (Prop_ibuf_I_O)         1.388    11.388 r  Clk_IBUF_inst/O
                         net (fo=1, routed)           1.862    13.250    Clk_IBUF
    BUFGCTRL_X0Y0        BUFG (Prop_bufg_I_O)         0.091    13.341 r  Clk_IBUF_BUFG_inst/O
                         net (fo=34, routed)          1.502    14.843    Slow_Clk_0/Clk_IBUF_BUFG
    SLICE_X62Y25         FDRE                                         r  Slow_Clk_0/count_reg[25]/C
                         clock pessimism              0.260    15.103    
                         clock uncertainty           -0.035    15.068    
    SLICE_X62Y25         FDRE (Setup_fdre_C_R)       -0.429    14.639    Slow_Clk_0/count_reg[25]
  -------------------------------------------------------------------
                         required time                         14.639    
                         arrival time                          -9.303    
  -------------------------------------------------------------------
                         slack                                  5.336    

Slack (MET) :             5.336ns  (required time - arrival time)
  Source:                 Slow_Clk_0/count_reg[4]/C
                            (rising edge-triggered cell FDRE clocked by sys_clk_pin  {rise@0.000ns fall@5.000ns period=10.000ns})
  Destination:            Slow_Clk_0/count_reg[26]/R
                            (rising edge-triggered cell FDRE clocked by sys_clk_pin  {rise@0.000ns fall@5.000ns period=10.000ns})
  Path Group:             sys_clk_pin
  Path Type:              Setup (Max at Slow Process Corner)
  Requirement:            10.000ns  (sys_clk_pin rise@10.000ns - sys_clk_pin rise@0.000ns)
  Data Path Delay:        4.156ns  (logic 1.056ns (25.408%)  route 3.100ns (74.592%))
  Logic Levels:           3  (LUT4=2 LUT5=1)
  Clock Path Skew:        -0.044ns (DCD - SCD + CPR)
    Destination Clock Delay (DCD):    4.843ns = ( 14.843 - 10.000 ) 
    Source Clock Delay      (SCD):    5.147ns
    Clock Pessimism Removal (CPR):    0.260ns
  Clock Uncertainty:      0.035ns  ((TSJ^2 + TIJ^2)^1/2 + DJ) / 2 + PE
    Total System Jitter     (TSJ):    0.071ns
    Total Input Jitter      (TIJ):    0.000ns
    Discrete Jitter          (DJ):    0.000ns
    Phase Error              (PE):    0.000ns

    Location             Delay type                Incr(ns)  Path(ns)    Netlist Resource(s)
  -------------------------------------------------------------------    -------------------
                         (clock sys_clk_pin rise edge)
                                                      0.000     0.000 r  
    W5                                                0.000     0.000 r  Clk (IN)
                         net (fo=0)                   0.000     0.000    Clk
    W5                   IBUF (Prop_ibuf_I_O)         1.458     1.458 r  Clk_IBUF_inst/O
                         net (fo=1, routed)           1.967     3.425    Clk_IBUF
    BUFGCTRL_X0Y0        BUFG (Prop_bufg_I_O)         0.096     3.521 r  Clk_IBUF_BUFG_inst/O
                         net (fo=34, routed)          1.626     5.147    Slow_Clk_0/Clk_IBUF_BUFG
    SLICE_X62Y19         FDRE                                         r  Slow_Clk_0/count_reg[4]/C
  -------------------------------------------------------------------    -------------------
    SLICE_X62Y19         FDRE (Prop_fdre_C_Q)         0.456     5.603 f  Slow_Clk_0/count_reg[4]/Q
                         net (fo=2, routed)           0.811     6.414    Slow_Clk_0/count[4]
    SLICE_X63Y20         LUT4 (Prop_lut4_I1_O)        0.124     6.538 f  Slow_Clk_0/count[31]_i_7/O
                         net (fo=1, routed)           0.433     6.971    Slow_Clk_0/count[31]_i_7_n_0
    SLICE_X63Y20         LUT5 (Prop_lut5_I4_O)        0.150     7.121 f  Slow_Clk_0/count[31]_i_3/O
                         net (fo=3, routed)           1.015     8.136    Slow_Clk_0/count[31]_i_3_n_0
    SLICE_X64Y22         LUT4 (Prop_lut4_I1_O)        0.326     8.462 r  Slow_Clk_0/count[31]_i_1/O
                         net (fo=31, routed)          0.841     9.303    Slow_Clk_0/count[31]_i_1_n_0
    SLICE_X62Y25         FDRE                                         r  Slow_Clk_0/count_reg[26]/R
  -------------------------------------------------------------------    -------------------

                         (clock sys_clk_pin rise edge)
                                                     10.000    10.000 r  
    W5                                                0.000    10.000 r  Clk (IN)
                         net (fo=0)                   0.000    10.000    Clk
    W5                   IBUF (Prop_ibuf_I_O)         1.388    11.388 r  Clk_IBUF_inst/O
                         net (fo=1, routed)           1.862    13.250    Clk_IBUF
    BUFGCTRL_X0Y0        BUFG (Prop_bufg_I_O)         0.091    13.341 r  Clk_IBUF_BUFG_inst/O
                         net (fo=34, routed)          1.502    14.843    Slow_Clk_0/Clk_IBUF_BUFG
    SLICE_X62Y25         FDRE                                         r  Slow_Clk_0/count_reg[26]/C
                         clock pessimism              0.260    15.103    
                         clock uncertainty           -0.035    15.068    
    SLICE_X62Y25         FDRE (Setup_fdre_C_R)       -0.429    14.639    Slow_Clk_0/count_reg[26]
  -------------------------------------------------------------------
                         required time                         14.639    
                         arrival time                          -9.303    
  -------------------------------------------------------------------
                         slack                                  5.336    

Slack (MET) :             5.336ns  (required time - arrival time)
  Source:                 Slow_Clk_0/count_reg[4]/C
                            (rising edge-triggered cell FDRE clocked by sys_clk_pin  {rise@0.000ns fall@5.000ns period=10.000ns})
  Destination:            Slow_Clk_0/count_reg[27]/R
                            (rising edge-triggered cell FDRE clocked by sys_clk_pin  {rise@0.000ns fall@5.000ns period=10.000ns})
  Path Group:             sys_clk_pin
  Path Type:              Setup (Max at Slow Process Corner)
  Requirement:            10.000ns  (sys_clk_pin rise@10.000ns - sys_clk_pin rise@0.000ns)
  Data Path Delay:        4.156ns  (logic 1.056ns (25.408%)  route 3.100ns (74.592%))
  Logic Levels:           3  (LUT4=2 LUT5=1)
  Clock Path Skew:        -0.044ns (DCD - SCD + CPR)
    Destination Clock Delay (DCD):    4.843ns = ( 14.843 - 10.000 ) 
    Source Clock Delay      (SCD):    5.147ns
    Clock Pessimism Removal (CPR):    0.260ns
  Clock Uncertainty:      0.035ns  ((TSJ^2 + TIJ^2)^1/2 + DJ) / 2 + PE
    Total System Jitter     (TSJ):    0.071ns
    Total Input Jitter      (TIJ):    0.000ns
    Discrete Jitter          (DJ):    0.000ns
    Phase Error              (PE):    0.000ns

    Location             Delay type                Incr(ns)  Path(ns)    Netlist Resource(s)
  -------------------------------------------------------------------    -------------------
                         (clock sys_clk_pin rise edge)
                                                      0.000     0.000 r  
    W5                                                0.000     0.000 r  Clk (IN)
                         net (fo=0)                   0.000     0.000    Clk
    W5                   IBUF (Prop_ibuf_I_O)         1.458     1.458 r  Clk_IBUF_inst/O
                         net (fo=1, routed)           1.967     3.425    Clk_IBUF
    BUFGCTRL_X0Y0        BUFG (Prop_bufg_I_O)         0.096     3.521 r  Clk_IBUF_BUFG_inst/O
                         net (fo=34, routed)          1.626     5.147    Slow_Clk_0/Clk_IBUF_BUFG
    SLICE_X62Y19         FDRE                                         r  Slow_Clk_0/count_reg[4]/C
  -------------------------------------------------------------------    -------------------
    SLICE_X62Y19         FDRE (Prop_fdre_C_Q)         0.456     5.603 f  Slow_Clk_0/count_reg[4]/Q
                         net (fo=2, routed)           0.811     6.414    Slow_Clk_0/count[4]
    SLICE_X63Y20         LUT4 (Prop_lut4_I1_O)        0.124     6.538 f  Slow_Clk_0/count[31]_i_7/O
                         net (fo=1, routed)           0.433     6.971    Slow_Clk_0/count[31]_i_7_n_0
    SLICE_X63Y20         LUT5 (Prop_lut5_I4_O)        0.150     7.121 f  Slow_Clk_0/count[31]_i_3/O
                         net (fo=3, routed)           1.015     8.136    Slow_Clk_0/count[31]_i_3_n_0
    SLICE_X64Y22         LUT4 (Prop_lut4_I1_O)        0.326     8.462 r  Slow_Clk_0/count[31]_i_1/O
                         net (fo=31, routed)          0.841     9.303    Slow_Clk_0/count[31]_i_1_n_0
    SLICE_X62Y25         FDRE                                         r  Slow_Clk_0/count_reg[27]/R
  -------------------------------------------------------------------    -------------------

                         (clock sys_clk_pin rise edge)
                                                     10.000    10.000 r  
    W5                                                0.000    10.000 r  Clk (IN)
                         net (fo=0)                   0.000    10.000    Clk
    W5                   IBUF (Prop_ibuf_I_O)         1.388    11.388 r  Clk_IBUF_inst/O
                         net (fo=1, routed)           1.862    13.250    Clk_IBUF
    BUFGCTRL_X0Y0        BUFG (Prop_bufg_I_O)         0.091    13.341 r  Clk_IBUF_BUFG_inst/O
                         net (fo=34, routed)          1.502    14.843    Slow_Clk_0/Clk_IBUF_BUFG
    SLICE_X62Y25         FDRE                                         r  Slow_Clk_0/count_reg[27]/C
                         clock pessimism              0.260    15.103    
                         clock uncertainty           -0.035    15.068    
    SLICE_X62Y25         FDRE (Setup_fdre_C_R)       -0.429    14.639    Slow_Clk_0/count_reg[27]
  -------------------------------------------------------------------
                         required time                         14.639    
                         arrival time                          -9.303    
  -------------------------------------------------------------------
                         slack                                  5.336    

Slack (MET) :             5.336ns  (required time - arrival time)
  Source:                 Slow_Clk_0/count_reg[4]/C
                            (rising edge-triggered cell FDRE clocked by sys_clk_pin  {rise@0.000ns fall@5.000ns period=10.000ns})
  Destination:            Slow_Clk_0/count_reg[28]/R
                            (rising edge-triggered cell FDRE clocked by sys_clk_pin  {rise@0.000ns fall@5.000ns period=10.000ns})
  Path Group:             sys_clk_pin
  Path Type:              Setup (Max at Slow Process Corner)
  Requirement:            10.000ns  (sys_clk_pin rise@10.000ns - sys_clk_pin rise@0.000ns)
  Data Path Delay:        4.156ns  (logic 1.056ns (25.408%)  route 3.100ns (74.592%))
  Logic Levels:           3  (LUT4=2 LUT5=1)
  Clock Path Skew:        -0.044ns (DCD - SCD + CPR)
    Destination Clock Delay (DCD):    4.843ns = ( 14.843 - 10.000 ) 
    Source Clock Delay      (SCD):    5.147ns
    Clock Pessimism Removal (CPR):    0.260ns
  Clock Uncertainty:      0.035ns  ((TSJ^2 + TIJ^2)^1/2 + DJ) / 2 + PE
    Total System Jitter     (TSJ):    0.071ns
    Total Input Jitter      (TIJ):    0.000ns
    Discrete Jitter          (DJ):    0.000ns
    Phase Error              (PE):    0.000ns

    Location             Delay type                Incr(ns)  Path(ns)    Netlist Resource(s)
  -------------------------------------------------------------------    -------------------
                         (clock sys_clk_pin rise edge)
                                                      0.000     0.000 r  
    W5                                                0.000     0.000 r  Clk (IN)
                         net (fo=0)                   0.000     0.000    Clk
    W5                   IBUF (Prop_ibuf_I_O)         1.458     1.458 r  Clk_IBUF_inst/O
                         net (fo=1, routed)           1.967     3.425    Clk_IBUF
    BUFGCTRL_X0Y0        BUFG (Prop_bufg_I_O)         0.096     3.521 r  Clk_IBUF_BUFG_inst/O
                         net (fo=34, routed)          1.626     5.147    Slow_Clk_0/Clk_IBUF_BUFG
    SLICE_X62Y19         FDRE                                         r  Slow_Clk_0/count_reg[4]/C
  -------------------------------------------------------------------    -------------------
    SLICE_X62Y19         FDRE (Prop_fdre_C_Q)         0.456     5.603 f  Slow_Clk_0/count_reg[4]/Q
                         net (fo=2, routed)           0.811     6.414    Slow_Clk_0/count[4]
    SLICE_X63Y20         LUT4 (Prop_lut4_I1_O)        0.124     6.538 f  Slow_Clk_0/count[31]_i_7/O
                         net (fo=1, routed)           0.433     6.971    Slow_Clk_0/count[31]_i_7_n_0
    SLICE_X63Y20         LUT5 (Prop_lut5_I4_O)        0.150     7.121 f  Slow_Clk_0/count[31]_i_3/O
                         net (fo=3, routed)           1.015     8.136    Slow_Clk_0/count[31]_i_3_n_0
    SLICE_X64Y22         LUT4 (Prop_lut4_I1_O)        0.326     8.462 r  Slow_Clk_0/count[31]_i_1/O
                         net (fo=31, routed)          0.841     9.303    Slow_Clk_0/count[31]_i_1_n_0
    SLICE_X62Y25         FDRE                                         r  Slow_Clk_0/count_reg[28]/R
  -------------------------------------------------------------------    -------------------

                         (clock sys_clk_pin rise edge)
                                                     10.000    10.000 r  
    W5                                                0.000    10.000 r  Clk (IN)
                         net (fo=0)                   0.000    10.000    Clk
    W5                   IBUF (Prop_ibuf_I_O)         1.388    11.388 r  Clk_IBUF_inst/O
                         net (fo=1, routed)           1.862    13.250    Clk_IBUF
    BUFGCTRL_X0Y0        BUFG (Prop_bufg_I_O)         0.091    13.341 r  Clk_IBUF_BUFG_inst/O
                         net (fo=34, routed)          1.502    14.843    Slow_Clk_0/Clk_IBUF_BUFG
    SLICE_X62Y25         FDRE                                         r  Slow_Clk_0/count_reg[28]/C
                         clock pessimism              0.260    15.103    
                         clock uncertainty           -0.035    15.068    
    SLICE_X62Y25         FDRE (Setup_fdre_C_R)       -0.429    14.639    Slow_Clk_0/count_reg[28]
  -------------------------------------------------------------------
                         required time                         14.639    
                         arrival time                          -9.303    
  -------------------------------------------------------------------
                         slack                                  5.336    

Slack (MET) :             5.364ns  (required time - arrival time)
  Source:                 Slow_Clk_0/count_reg[4]/C
                            (rising edge-triggered cell FDRE clocked by sys_clk_pin  {rise@0.000ns fall@5.000ns period=10.000ns})
  Destination:            Slow_Clk_0/count_reg[1]/R
                            (rising edge-triggered cell FDRE clocked by sys_clk_pin  {rise@0.000ns fall@5.000ns period=10.000ns})
  Path Group:             sys_clk_pin
  Path Type:              Setup (Max at Slow Process Corner)
  Requirement:            10.000ns  (sys_clk_pin rise@10.000ns - sys_clk_pin rise@0.000ns)
  Data Path Delay:        4.172ns  (logic 1.056ns (25.313%)  route 3.116ns (74.687%))
  Logic Levels:           3  (LUT4=2 LUT5=1)
  Clock Path Skew:        0.000ns (DCD - SCD + CPR)
    Destination Clock Delay (DCD):    4.849ns = ( 14.849 - 10.000 ) 
    Source Clock Delay      (SCD):    5.147ns
    Clock Pessimism Removal (CPR):    0.298ns
  Clock Uncertainty:      0.035ns  ((TSJ^2 + TIJ^2)^1/2 + DJ) / 2 + PE
    Total System Jitter     (TSJ):    0.071ns
    Total Input Jitter      (TIJ):    0.000ns
    Discrete Jitter          (DJ):    0.000ns
    Phase Error              (PE):    0.000ns

    Location             Delay type                Incr(ns)  Path(ns)    Netlist Resource(s)
  -------------------------------------------------------------------    -------------------
                         (clock sys_clk_pin rise edge)
                                                      0.000     0.000 r  
    W5                                                0.000     0.000 r  Clk (IN)
                         net (fo=0)                   0.000     0.000    Clk
    W5                   IBUF (Prop_ibuf_I_O)         1.458     1.458 r  Clk_IBUF_inst/O
                         net (fo=1, routed)           1.967     3.425    Clk_IBUF
    BUFGCTRL_X0Y0        BUFG (Prop_bufg_I_O)         0.096     3.521 r  Clk_IBUF_BUFG_inst/O
                         net (fo=34, routed)          1.626     5.147    Slow_Clk_0/Clk_IBUF_BUFG
    SLICE_X62Y19         FDRE                                         r  Slow_Clk_0/count_reg[4]/C
  -------------------------------------------------------------------    -------------------
    SLICE_X62Y19         FDRE (Prop_fdre_C_Q)         0.456     5.603 f  Slow_Clk_0/count_reg[4]/Q
                         net (fo=2, routed)           0.811     6.414    Slow_Clk_0/count[4]
    SLICE_X63Y20         LUT4 (Prop_lut4_I1_O)        0.124     6.538 f  Slow_Clk_0/count[31]_i_7/O
                         net (fo=1, routed)           0.433     6.971    Slow_Clk_0/count[31]_i_7_n_0
    SLICE_X63Y20         LUT5 (Prop_lut5_I4_O)        0.150     7.121 f  Slow_Clk_0/count[31]_i_3/O
                         net (fo=3, routed)           1.015     8.136    Slow_Clk_0/count[31]_i_3_n_0
    SLICE_X64Y22         LUT4 (Prop_lut4_I1_O)        0.326     8.462 r  Slow_Clk_0/count[31]_i_1/O
                         net (fo=31, routed)          0.857     9.319    Slow_Clk_0/count[31]_i_1_n_0
    SLICE_X62Y19         FDRE                                         r  Slow_Clk_0/count_reg[1]/R
  -------------------------------------------------------------------    -------------------

                         (clock sys_clk_pin rise edge)
                                                     10.000    10.000 r  
    W5                                                0.000    10.000 r  Clk (IN)
                         net (fo=0)                   0.000    10.000    Clk
    W5                   IBUF (Prop_ibuf_I_O)         1.388    11.388 r  Clk_IBUF_inst/O
                         net (fo=1, routed)           1.862    13.250    Clk_IBUF
    BUFGCTRL_X0Y0        BUFG (Prop_bufg_I_O)         0.091    13.341 r  Clk_IBUF_BUFG_inst/O
                         net (fo=34, routed)          1.508    14.849    Slow_Clk_0/Clk_IBUF_BUFG
    SLICE_X62Y19         FDRE                                         r  Slow_Clk_0/count_reg[1]/C
                         clock pessimism              0.298    15.147    
                         clock uncertainty           -0.035    15.112    
    SLICE_X62Y19         FDRE (Setup_fdre_C_R)       -0.429    14.683    Slow_Clk_0/count_reg[1]
  -------------------------------------------------------------------
                         required time                         14.683    
                         arrival time                          -9.319    
  -------------------------------------------------------------------
                         slack                                  5.364    

Slack (MET) :             5.364ns  (required time - arrival time)
  Source:                 Slow_Clk_0/count_reg[4]/C
                            (rising edge-triggered cell FDRE clocked by sys_clk_pin  {rise@0.000ns fall@5.000ns period=10.000ns})
  Destination:            Slow_Clk_0/count_reg[2]/R
                            (rising edge-triggered cell FDRE clocked by sys_clk_pin  {rise@0.000ns fall@5.000ns period=10.000ns})
  Path Group:             sys_clk_pin
  Path Type:              Setup (Max at Slow Process Corner)
  Requirement:            10.000ns  (sys_clk_pin rise@10.000ns - sys_clk_pin rise@0.000ns)
  Data Path Delay:        4.172ns  (logic 1.056ns (25.313%)  route 3.116ns (74.687%))
  Logic Levels:           3  (LUT4=2 LUT5=1)
  Clock Path Skew:        0.000ns (DCD - SCD + CPR)
    Destination Clock Delay (DCD):    4.849ns = ( 14.849 - 10.000 ) 
    Source Clock Delay      (SCD):    5.147ns
    Clock Pessimism Removal (CPR):    0.298ns
  Clock Uncertainty:      0.035ns  ((TSJ^2 + TIJ^2)^1/2 + DJ) / 2 + PE
    Total System Jitter     (TSJ):    0.071ns
    Total Input Jitter      (TIJ):    0.000ns
    Discrete Jitter          (DJ):    0.000ns
    Phase Error              (PE):    0.000ns

    Location             Delay type                Incr(ns)  Path(ns)    Netlist Resource(s)
  -------------------------------------------------------------------    -------------------
                         (clock sys_clk_pin rise edge)
                                                      0.000     0.000 r  
    W5                                                0.000     0.000 r  Clk (IN)
                         net (fo=0)                   0.000     0.000    Clk
    W5                   IBUF (Prop_ibuf_I_O)         1.458     1.458 r  Clk_IBUF_inst/O
                         net (fo=1, routed)           1.967     3.425    Clk_IBUF
    BUFGCTRL_X0Y0        BUFG (Prop_bufg_I_O)         0.096     3.521 r  Clk_IBUF_BUFG_inst/O
                         net (fo=34, routed)          1.626     5.147    Slow_Clk_0/Clk_IBUF_BUFG
    SLICE_X62Y19         FDRE                                         r  Slow_Clk_0/count_reg[4]/C
  -------------------------------------------------------------------    -------------------
    SLICE_X62Y19         FDRE (Prop_fdre_C_Q)         0.456     5.603 f  Slow_Clk_0/count_reg[4]/Q
                         net (fo=2, routed)           0.811     6.414    Slow_Clk_0/count[4]
    SLICE_X63Y20         LUT4 (Prop_lut4_I1_O)        0.124     6.538 f  Slow_Clk_0/count[31]_i_7/O
                         net (fo=1, routed)           0.433     6.971    Slow_Clk_0/count[31]_i_7_n_0
    SLICE_X63Y20         LUT5 (Prop_lut5_I4_O)        0.150     7.121 f  Slow_Clk_0/count[31]_i_3/O
                         net (fo=3, routed)           1.015     8.136    Slow_Clk_0/count[31]_i_3_n_0
    SLICE_X64Y22         LUT4 (Prop_lut4_I1_O)        0.326     8.462 r  Slow_Clk_0/count[31]_i_1/O
                         net (fo=31, routed)          0.857     9.319    Slow_Clk_0/count[31]_i_1_n_0
    SLICE_X62Y19         FDRE                                         r  Slow_Clk_0/count_reg[2]/R
  -------------------------------------------------------------------    -------------------

                         (clock sys_clk_pin rise edge)
                                                     10.000    10.000 r  
    W5                                                0.000    10.000 r  Clk (IN)
                         net (fo=0)                   0.000    10.000    Clk
    W5                   IBUF (Prop_ibuf_I_O)         1.388    11.388 r  Clk_IBUF_inst/O
                         net (fo=1, routed)           1.862    13.250    Clk_IBUF
    BUFGCTRL_X0Y0        BUFG (Prop_bufg_I_O)         0.091    13.341 r  Clk_IBUF_BUFG_inst/O
                         net (fo=34, routed)          1.508    14.849    Slow_Clk_0/Clk_IBUF_BUFG
    SLICE_X62Y19         FDRE                                         r  Slow_Clk_0/count_reg[2]/C
                         clock pessimism              0.298    15.147    
                         clock uncertainty           -0.035    15.112    
    SLICE_X62Y19         FDRE (Setup_fdre_C_R)       -0.429    14.683    Slow_Clk_0/count_reg[2]
  -------------------------------------------------------------------
                         required time                         14.683    
                         arrival time                          -9.319    
  -------------------------------------------------------------------
                         slack                                  5.364    

Slack (MET) :             5.364ns  (required time - arrival time)
  Source:                 Slow_Clk_0/count_reg[4]/C
                            (rising edge-triggered cell FDRE clocked by sys_clk_pin  {rise@0.000ns fall@5.000ns period=10.000ns})
  Destination:            Slow_Clk_0/count_reg[3]/R
                            (rising edge-triggered cell FDRE clocked by sys_clk_pin  {rise@0.000ns fall@5.000ns period=10.000ns})
  Path Group:             sys_clk_pin
  Path Type:              Setup (Max at Slow Process Corner)
  Requirement:            10.000ns  (sys_clk_pin rise@10.000ns - sys_clk_pin rise@0.000ns)
  Data Path Delay:        4.172ns  (logic 1.056ns (25.313%)  route 3.116ns (74.687%))
  Logic Levels:           3  (LUT4=2 LUT5=1)
  Clock Path Skew:        0.000ns (DCD - SCD + CPR)
    Destination Clock Delay (DCD):    4.849ns = ( 14.849 - 10.000 ) 
    Source Clock Delay      (SCD):    5.147ns
    Clock Pessimism Removal (CPR):    0.298ns
  Clock Uncertainty:      0.035ns  ((TSJ^2 + TIJ^2)^1/2 + DJ) / 2 + PE
    Total System Jitter     (TSJ):    0.071ns
    Total Input Jitter      (TIJ):    0.000ns
    Discrete Jitter          (DJ):    0.000ns
    Phase Error              (PE):    0.000ns

    Location             Delay type                Incr(ns)  Path(ns)    Netlist Resource(s)
  -------------------------------------------------------------------    -------------------
                         (clock sys_clk_pin rise edge)
                                                      0.000     0.000 r  
    W5                                                0.000     0.000 r  Clk (IN)
                         net (fo=0)                   0.000     0.000    Clk
    W5                   IBUF (Prop_ibuf_I_O)         1.458     1.458 r  Clk_IBUF_inst/O
                         net (fo=1, routed)           1.967     3.425    Clk_IBUF
    BUFGCTRL_X0Y0        BUFG (Prop_bufg_I_O)         0.096     3.521 r  Clk_IBUF_BUFG_inst/O
                         net (fo=34, routed)          1.626     5.147    Slow_Clk_0/Clk_IBUF_BUFG
    SLICE_X62Y19         FDRE                                         r  Slow_Clk_0/count_reg[4]/C
  -------------------------------------------------------------------    -------------------
    SLICE_X62Y19         FDRE (Prop_fdre_C_Q)         0.456     5.603 f  Slow_Clk_0/count_reg[4]/Q
                         net (fo=2, routed)           0.811     6.414    Slow_Clk_0/count[4]
    SLICE_X63Y20         LUT4 (Prop_lut4_I1_O)        0.124     6.538 f  Slow_Clk_0/count[31]_i_7/O
                         net (fo=1, routed)           0.433     6.971    Slow_Clk_0/count[31]_i_7_n_0
    SLICE_X63Y20         LUT5 (Prop_lut5_I4_O)        0.150     7.121 f  Slow_Clk_0/count[31]_i_3/O
                         net (fo=3, routed)           1.015     8.136    Slow_Clk_0/count[31]_i_3_n_0
    SLICE_X64Y22         LUT4 (Prop_lut4_I1_O)        0.326     8.462 r  Slow_Clk_0/count[31]_i_1/O
                         net (fo=31, routed)          0.857     9.319    Slow_Clk_0/count[31]_i_1_n_0
    SLICE_X62Y19         FDRE                                         r  Slow_Clk_0/count_reg[3]/R
  -------------------------------------------------------------------    -------------------

                         (clock sys_clk_pin rise edge)
                                                     10.000    10.000 r  
    W5                                                0.000    10.000 r  Clk (IN)
                         net (fo=0)                   0.000    10.000    Clk
    W5                   IBUF (Prop_ibuf_I_O)         1.388    11.388 r  Clk_IBUF_inst/O
                         net (fo=1, routed)           1.862    13.250    Clk_IBUF
    BUFGCTRL_X0Y0        BUFG (Prop_bufg_I_O)         0.091    13.341 r  Clk_IBUF_BUFG_inst/O
                         net (fo=34, routed)          1.508    14.849    Slow_Clk_0/Clk_IBUF_BUFG
    SLICE_X62Y19         FDRE                                         r  Slow_Clk_0/count_reg[3]/C
                         clock pessimism              0.298    15.147    
                         clock uncertainty           -0.035    15.112    
    SLICE_X62Y19         FDRE (Setup_fdre_C_R)       -0.429    14.683    Slow_Clk_0/count_reg[3]
  -------------------------------------------------------------------
                         required time                         14.683    
                         arrival time                          -9.319    
  -------------------------------------------------------------------
                         slack                                  5.364    





Min Delay Paths
--------------------------------------------------------------------------------------
Slack (MET) :             0.278ns  (arrival time - required time)
  Source:                 Slow_Clk_0/count_reg[18]/C
                            (rising edge-triggered cell FDRE clocked by sys_clk_pin  {rise@0.000ns fall@5.000ns period=10.000ns})
  Destination:            Slow_Clk_0/Clk_out_reg/D
                            (rising edge-triggered cell FDRE clocked by sys_clk_pin  {rise@0.000ns fall@5.000ns period=10.000ns})
  Path Group:             sys_clk_pin
  Path Type:              Hold (Min at Fast Process Corner)
  Requirement:            0.000ns  (sys_clk_pin rise@0.000ns - sys_clk_pin rise@0.000ns)
  Data Path Delay:        0.413ns  (logic 0.231ns (55.930%)  route 0.182ns (44.070%))
  Logic Levels:           2  (LUT5=1 LUT6=1)
  Clock Path Skew:        0.015ns (DCD - SCD - CPR)
    Destination Clock Delay (DCD):    1.980ns
    Source Clock Delay      (SCD):    1.466ns
    Clock Pessimism Removal (CPR):    0.499ns

    Location             Delay type                Incr(ns)  Path(ns)    Netlist Resource(s)
  -------------------------------------------------------------------    -------------------
                         (clock sys_clk_pin rise edge)
                                                      0.000     0.000 r  
    W5                                                0.000     0.000 r  Clk (IN)
                         net (fo=0)                   0.000     0.000    Clk
    W5                   IBUF (Prop_ibuf_I_O)         0.226     0.226 r  Clk_IBUF_inst/O
                         net (fo=1, routed)           0.631     0.858    Clk_IBUF
    BUFGCTRL_X0Y0        BUFG (Prop_bufg_I_O)         0.026     0.884 r  Clk_IBUF_BUFG_inst/O
                         net (fo=34, routed)          0.583     1.466    Slow_Clk_0/Clk_IBUF_BUFG
    SLICE_X62Y23         FDRE                                         r  Slow_Clk_0/count_reg[18]/C
  -------------------------------------------------------------------    -------------------
    SLICE_X62Y23         FDRE (Prop_fdre_C_Q)         0.141     1.607 r  Slow_Clk_0/count_reg[18]/Q
                         net (fo=2, routed)           0.063     1.670    Slow_Clk_0/count[18]
    SLICE_X63Y23         LUT5 (Prop_lut5_I0_O)        0.045     1.715 r  Slow_Clk_0/count[31]_i_5/O
                         net (fo=3, routed)           0.119     1.834    Slow_Clk_0/count[31]_i_5_n_0
    SLICE_X64Y22         LUT6 (Prop_lut6_I4_O)        0.045     1.879 r  Slow_Clk_0/Clk_out_i_1/O
                         net (fo=1, routed)           0.000     1.879    Slow_Clk_0/Clk_out_i_1_n_0
    SLICE_X64Y22         FDRE                                         r  Slow_Clk_0/Clk_out_reg/D
  -------------------------------------------------------------------    -------------------

                         (clock sys_clk_pin rise edge)
                                                      0.000     0.000 r  
    W5                                                0.000     0.000 r  Clk (IN)
                         net (fo=0)                   0.000     0.000    Clk
    W5                   IBUF (Prop_ibuf_I_O)         0.414     0.414 r  Clk_IBUF_inst/O
                         net (fo=1, routed)           0.685     1.099    Clk_IBUF
    BUFGCTRL_X0Y0        BUFG (Prop_bufg_I_O)         0.029     1.128 r  Clk_IBUF_BUFG_inst/O
                         net (fo=34, routed)          0.853     1.980    Slow_Clk_0/Clk_IBUF_BUFG
    SLICE_X64Y22         FDRE                                         r  Slow_Clk_0/Clk_out_reg/C
                         clock pessimism             -0.499     1.481    
    SLICE_X64Y22         FDRE (Hold_fdre_C_D)         0.120     1.601    Slow_Clk_0/Clk_out_reg
  -------------------------------------------------------------------
                         required time                         -1.601    
                         arrival time                           1.879    
  -------------------------------------------------------------------
                         slack                                  0.278    

Slack (MET) :             0.280ns  (arrival time - required time)
  Source:                 Slow_Clk_0/count_reg[23]/C
                            (rising edge-triggered cell FDRE clocked by sys_clk_pin  {rise@0.000ns fall@5.000ns period=10.000ns})
  Destination:            Slow_Clk_0/count_reg[23]/D
                            (rising edge-triggered cell FDRE clocked by sys_clk_pin  {rise@0.000ns fall@5.000ns period=10.000ns})
  Path Group:             sys_clk_pin
  Path Type:              Hold (Min at Fast Process Corner)
  Requirement:            0.000ns  (sys_clk_pin rise@0.000ns - sys_clk_pin rise@0.000ns)
  Data Path Delay:        0.385ns  (logic 0.252ns (65.529%)  route 0.133ns (34.471%))
  Logic Levels:           1  (CARRY4=1)
  Clock Path Skew:        0.000ns (DCD - SCD - CPR)
    Destination Clock Delay (DCD):    1.977ns
    Source Clock Delay      (SCD):    1.465ns
    Clock Pessimism Removal (CPR):    0.512ns

    Location             Delay type                Incr(ns)  Path(ns)    Netlist Resource(s)
  -------------------------------------------------------------------    -------------------
                         (clock sys_clk_pin rise edge)
                                                      0.000     0.000 r  
    W5                                                0.000     0.000 r  Clk (IN)
                         net (fo=0)                   0.000     0.000    Clk
    W5                   IBUF (Prop_ibuf_I_O)         0.226     0.226 r  Clk_IBUF_inst/O
                         net (fo=1, routed)           0.631     0.858    Clk_IBUF
    BUFGCTRL_X0Y0        BUFG (Prop_bufg_I_O)         0.026     0.884 r  Clk_IBUF_BUFG_inst/O
                         net (fo=34, routed)          0.582     1.465    Slow_Clk_0/Clk_IBUF_BUFG
    SLICE_X62Y24         FDRE                                         r  Slow_Clk_0/count_reg[23]/C
  -------------------------------------------------------------------    -------------------
    SLICE_X62Y24         FDRE (Prop_fdre_C_Q)         0.141     1.606 r  Slow_Clk_0/count_reg[23]/Q
                         net (fo=2, routed)           0.133     1.739    Slow_Clk_0/count[23]
    SLICE_X62Y24         CARRY4 (Prop_carry4_S[2]_O[2])
                                                      0.111     1.850 r  Slow_Clk_0/count0_carry__4/O[2]
                         net (fo=1, routed)           0.000     1.850    Slow_Clk_0/data0[23]
    SLICE_X62Y24         FDRE                                         r  Slow_Clk_0/count_reg[23]/D
  -------------------------------------------------------------------    -------------------

                         (clock sys_clk_pin rise edge)
                                                      0.000     0.000 r  
    W5                                                0.000     0.000 r  Clk (IN)
                         net (fo=0)                   0.000     0.000    Clk
    W5                   IBUF (Prop_ibuf_I_O)         0.414     0.414 r  Clk_IBUF_inst/O
                         net (fo=1, routed)           0.685     1.099    Clk_IBUF
    BUFGCTRL_X0Y0        BUFG (Prop_bufg_I_O)         0.029     1.128 r  Clk_IBUF_BUFG_inst/O
                         net (fo=34, routed)          0.850     1.977    Slow_Clk_0/Clk_IBUF_BUFG
    SLICE_X62Y24         FDRE                                         r  Slow_Clk_0/count_reg[23]/C
                         clock pessimism             -0.512     1.465    
    SLICE_X62Y24         FDRE (Hold_fdre_C_D)         0.105     1.570    Slow_Clk_0/count_reg[23]
  -------------------------------------------------------------------
                         required time                         -1.570    
                         arrival time                           1.850    
  -------------------------------------------------------------------
                         slack                                  0.280    

Slack (MET) :             0.280ns  (arrival time - required time)
  Source:                 Slow_Clk_0/count_reg[27]/C
                            (rising edge-triggered cell FDRE clocked by sys_clk_pin  {rise@0.000ns fall@5.000ns period=10.000ns})
  Destination:            Slow_Clk_0/count_reg[27]/D
                            (rising edge-triggered cell FDRE clocked by sys_clk_pin  {rise@0.000ns fall@5.000ns period=10.000ns})
  Path Group:             sys_clk_pin
  Path Type:              Hold (Min at Fast Process Corner)
  Requirement:            0.000ns  (sys_clk_pin rise@0.000ns - sys_clk_pin rise@0.000ns)
  Data Path Delay:        0.385ns  (logic 0.252ns (65.529%)  route 0.133ns (34.471%))
  Logic Levels:           1  (CARRY4=1)
  Clock Path Skew:        0.000ns (DCD - SCD - CPR)
    Destination Clock Delay (DCD):    1.977ns
    Source Clock Delay      (SCD):    1.465ns
    Clock Pessimism Removal (CPR):    0.512ns

    Location             Delay type                Incr(ns)  Path(ns)    Netlist Resource(s)
  -------------------------------------------------------------------    -------------------
                         (clock sys_clk_pin rise edge)
                                                      0.000     0.000 r  
    W5                                                0.000     0.000 r  Clk (IN)
                         net (fo=0)                   0.000     0.000    Clk
    W5                   IBUF (Prop_ibuf_I_O)         0.226     0.226 r  Clk_IBUF_inst/O
                         net (fo=1, routed)           0.631     0.858    Clk_IBUF
    BUFGCTRL_X0Y0        BUFG (Prop_bufg_I_O)         0.026     0.884 r  Clk_IBUF_BUFG_inst/O
                         net (fo=34, routed)          0.582     1.465    Slow_Clk_0/Clk_IBUF_BUFG
    SLICE_X62Y25         FDRE                                         r  Slow_Clk_0/count_reg[27]/C
  -------------------------------------------------------------------    -------------------
    SLICE_X62Y25         FDRE (Prop_fdre_C_Q)         0.141     1.606 r  Slow_Clk_0/count_reg[27]/Q
                         net (fo=2, routed)           0.133     1.739    Slow_Clk_0/count[27]
    SLICE_X62Y25         CARRY4 (Prop_carry4_S[2]_O[2])
                                                      0.111     1.850 r  Slow_Clk_0/count0_carry__5/O[2]
                         net (fo=1, routed)           0.000     1.850    Slow_Clk_0/data0[27]
    SLICE_X62Y25         FDRE                                         r  Slow_Clk_0/count_reg[27]/D
  -------------------------------------------------------------------    -------------------

                         (clock sys_clk_pin rise edge)
                                                      0.000     0.000 r  
    W5                                                0.000     0.000 r  Clk (IN)
                         net (fo=0)                   0.000     0.000    Clk
    W5                   IBUF (Prop_ibuf_I_O)         0.414     0.414 r  Clk_IBUF_inst/O
                         net (fo=1, routed)           0.685     1.099    Clk_IBUF
    BUFGCTRL_X0Y0        BUFG (Prop_bufg_I_O)         0.029     1.128 r  Clk_IBUF_BUFG_inst/O
                         net (fo=34, routed)          0.850     1.977    Slow_Clk_0/Clk_IBUF_BUFG
    SLICE_X62Y25         FDRE                                         r  Slow_Clk_0/count_reg[27]/C
                         clock pessimism             -0.512     1.465    
    SLICE_X62Y25         FDRE (Hold_fdre_C_D)         0.105     1.570    Slow_Clk_0/count_reg[27]
  -------------------------------------------------------------------
                         required time                         -1.570    
                         arrival time                           1.850    
  -------------------------------------------------------------------
                         slack                                  0.280    

Slack (MET) :             0.280ns  (arrival time - required time)
  Source:                 Slow_Clk_0/count_reg[31]/C
                            (rising edge-triggered cell FDRE clocked by sys_clk_pin  {rise@0.000ns fall@5.000ns period=10.000ns})
  Destination:            Slow_Clk_0/count_reg[31]/D
                            (rising edge-triggered cell FDRE clocked by sys_clk_pin  {rise@0.000ns fall@5.000ns period=10.000ns})
  Path Group:             sys_clk_pin
  Path Type:              Hold (Min at Fast Process Corner)
  Requirement:            0.000ns  (sys_clk_pin rise@0.000ns - sys_clk_pin rise@0.000ns)
  Data Path Delay:        0.385ns  (logic 0.252ns (65.529%)  route 0.133ns (34.471%))
  Logic Levels:           1  (CARRY4=1)
  Clock Path Skew:        0.000ns (DCD - SCD - CPR)
    Destination Clock Delay (DCD):    1.978ns
    Source Clock Delay      (SCD):    1.466ns
    Clock Pessimism Removal (CPR):    0.512ns

    Location             Delay type                Incr(ns)  Path(ns)    Netlist Resource(s)
  -------------------------------------------------------------------    -------------------
                         (clock sys_clk_pin rise edge)
                                                      0.000     0.000 r  
    W5                                                0.000     0.000 r  Clk (IN)
                         net (fo=0)                   0.000     0.000    Clk
    W5                   IBUF (Prop_ibuf_I_O)         0.226     0.226 r  Clk_IBUF_inst/O
                         net (fo=1, routed)           0.631     0.858    Clk_IBUF
    BUFGCTRL_X0Y0        BUFG (Prop_bufg_I_O)         0.026     0.884 r  Clk_IBUF_BUFG_inst/O
                         net (fo=34, routed)          0.583     1.466    Slow_Clk_0/Clk_IBUF_BUFG
    SLICE_X62Y26         FDRE                                         r  Slow_Clk_0/count_reg[31]/C
  -------------------------------------------------------------------    -------------------
    SLICE_X62Y26         FDRE (Prop_fdre_C_Q)         0.141     1.607 r  Slow_Clk_0/count_reg[31]/Q
                         net (fo=2, routed)           0.133     1.740    Slow_Clk_0/count[31]
    SLICE_X62Y26         CARRY4 (Prop_carry4_S[2]_O[2])
                                                      0.111     1.851 r  Slow_Clk_0/count0_carry__6/O[2]
                         net (fo=1, routed)           0.000     1.851    Slow_Clk_0/data0[31]
    SLICE_X62Y26         FDRE                                         r  Slow_Clk_0/count_reg[31]/D
  -------------------------------------------------------------------    -------------------

                         (clock sys_clk_pin rise edge)
                                                      0.000     0.000 r  
    W5                                                0.000     0.000 r  Clk (IN)
                         net (fo=0)                   0.000     0.000    Clk
    W5                   IBUF (Prop_ibuf_I_O)         0.414     0.414 r  Clk_IBUF_inst/O
                         net (fo=1, routed)           0.685     1.099    Clk_IBUF
    BUFGCTRL_X0Y0        BUFG (Prop_bufg_I_O)         0.029     1.128 r  Clk_IBUF_BUFG_inst/O
                         net (fo=34, routed)          0.851     1.978    Slow_Clk_0/Clk_IBUF_BUFG
    SLICE_X62Y26         FDRE                                         r  Slow_Clk_0/count_reg[31]/C
                         clock pessimism             -0.512     1.466    
    SLICE_X62Y26         FDRE (Hold_fdre_C_D)         0.105     1.571    Slow_Clk_0/count_reg[31]
  -------------------------------------------------------------------
                         required time                         -1.571    
                         arrival time                           1.851    
  -------------------------------------------------------------------
                         slack                                  0.280    

Slack (MET) :             0.281ns  (arrival time - required time)
  Source:                 Slow_Clk_0/count_reg[15]/C
                            (rising edge-triggered cell FDRE clocked by sys_clk_pin  {rise@0.000ns fall@5.000ns period=10.000ns})
  Destination:            Slow_Clk_0/count_reg[15]/D
                            (rising edge-triggered cell FDRE clocked by sys_clk_pin  {rise@0.000ns fall@5.000ns period=10.000ns})
  Path Group:             sys_clk_pin
  Path Type:              Hold (Min at Fast Process Corner)
  Requirement:            0.000ns  (sys_clk_pin rise@0.000ns - sys_clk_pin rise@0.000ns)
  Data Path Delay:        0.386ns  (logic 0.252ns (65.354%)  route 0.134ns (34.646%))
  Logic Levels:           1  (CARRY4=1)
  Clock Path Skew:        0.000ns (DCD - SCD - CPR)
    Destination Clock Delay (DCD):    1.980ns
    Source Clock Delay      (SCD):    1.468ns
    Clock Pessimism Removal (CPR):    0.512ns

    Location             Delay type                Incr(ns)  Path(ns)    Netlist Resource(s)
  -------------------------------------------------------------------    -------------------
                         (clock sys_clk_pin rise edge)
                                                      0.000     0.000 r  
    W5                                                0.000     0.000 r  Clk (IN)
                         net (fo=0)                   0.000     0.000    Clk
    W5                   IBUF (Prop_ibuf_I_O)         0.226     0.226 r  Clk_IBUF_inst/O
                         net (fo=1, routed)           0.631     0.858    Clk_IBUF
    BUFGCTRL_X0Y0        BUFG (Prop_bufg_I_O)         0.026     0.884 r  Clk_IBUF_BUFG_inst/O
                         net (fo=34, routed)          0.585     1.468    Slow_Clk_0/Clk_IBUF_BUFG
    SLICE_X62Y22         FDRE                                         r  Slow_Clk_0/count_reg[15]/C
  -------------------------------------------------------------------    -------------------
    SLICE_X62Y22         FDRE (Prop_fdre_C_Q)         0.141     1.609 r  Slow_Clk_0/count_reg[15]/Q
                         net (fo=2, routed)           0.134     1.743    Slow_Clk_0/count[15]
    SLICE_X62Y22         CARRY4 (Prop_carry4_S[2]_O[2])
                                                      0.111     1.854 r  Slow_Clk_0/count0_carry__2/O[2]
                         net (fo=1, routed)           0.000     1.854    Slow_Clk_0/data0[15]
    SLICE_X62Y22         FDRE                                         r  Slow_Clk_0/count_reg[15]/D
  -------------------------------------------------------------------    -------------------

                         (clock sys_clk_pin rise edge)
                                                      0.000     0.000 r  
    W5                                                0.000     0.000 r  Clk (IN)
                         net (fo=0)                   0.000     0.000    Clk
    W5                   IBUF (Prop_ibuf_I_O)         0.414     0.414 r  Clk_IBUF_inst/O
                         net (fo=1, routed)           0.685     1.099    Clk_IBUF
    BUFGCTRL_X0Y0        BUFG (Prop_bufg_I_O)         0.029     1.128 r  Clk_IBUF_BUFG_inst/O
                         net (fo=34, routed)          0.853     1.980    Slow_Clk_0/Clk_IBUF_BUFG
    SLICE_X62Y22         FDRE                                         r  Slow_Clk_0/count_reg[15]/C
                         clock pessimism             -0.512     1.468    
    SLICE_X62Y22         FDRE (Hold_fdre_C_D)         0.105     1.573    Slow_Clk_0/count_reg[15]
  -------------------------------------------------------------------
                         required time                         -1.573    
                         arrival time                           1.854    
  -------------------------------------------------------------------
                         slack                                  0.281    

Slack (MET) :             0.281ns  (arrival time - required time)
  Source:                 Slow_Clk_0/count_reg[3]/C
                            (rising edge-triggered cell FDRE clocked by sys_clk_pin  {rise@0.000ns fall@5.000ns period=10.000ns})
  Destination:            Slow_Clk_0/count_reg[3]/D
                            (rising edge-triggered cell FDRE clocked by sys_clk_pin  {rise@0.000ns fall@5.000ns period=10.000ns})
  Path Group:             sys_clk_pin
  Path Type:              Hold (Min at Fast Process Corner)
  Requirement:            0.000ns  (sys_clk_pin rise@0.000ns - sys_clk_pin rise@0.000ns)
  Data Path Delay:        0.386ns  (logic 0.252ns (65.354%)  route 0.134ns (34.646%))
  Logic Levels:           1  (CARRY4=1)
  Clock Path Skew:        0.000ns (DCD - SCD - CPR)
    Destination Clock Delay (DCD):    1.983ns
    Source Clock Delay      (SCD):    1.470ns
    Clock Pessimism Removal (CPR):    0.513ns

    Location             Delay type                Incr(ns)  Path(ns)    Netlist Resource(s)
  -------------------------------------------------------------------    -------------------
                         (clock sys_clk_pin rise edge)
                                                      0.000     0.000 r  
    W5                                                0.000     0.000 r  Clk (IN)
                         net (fo=0)                   0.000     0.000    Clk
    W5                   IBUF (Prop_ibuf_I_O)         0.226     0.226 r  Clk_IBUF_inst/O
                         net (fo=1, routed)           0.631     0.858    Clk_IBUF
    BUFGCTRL_X0Y0        BUFG (Prop_bufg_I_O)         0.026     0.884 r  Clk_IBUF_BUFG_inst/O
                         net (fo=34, routed)          0.587     1.470    Slow_Clk_0/Clk_IBUF_BUFG
    SLICE_X62Y19         FDRE                                         r  Slow_Clk_0/count_reg[3]/C
  -------------------------------------------------------------------    -------------------
    SLICE_X62Y19         FDRE (Prop_fdre_C_Q)         0.141     1.611 r  Slow_Clk_0/count_reg[3]/Q
                         net (fo=2, routed)           0.134     1.745    Slow_Clk_0/count[3]
    SLICE_X62Y19         CARRY4 (Prop_carry4_S[2]_O[2])
                                                      0.111     1.856 r  Slow_Clk_0/count0_carry/O[2]
                         net (fo=1, routed)           0.000     1.856    Slow_Clk_0/data0[3]
    SLICE_X62Y19         FDRE                                         r  Slow_Clk_0/count_reg[3]/D
  -------------------------------------------------------------------    -------------------

                         (clock sys_clk_pin rise edge)
                                                      0.000     0.000 r  
    W5                                                0.000     0.000 r  Clk (IN)
                         net (fo=0)                   0.000     0.000    Clk
    W5                   IBUF (Prop_ibuf_I_O)         0.414     0.414 r  Clk_IBUF_inst/O
                         net (fo=1, routed)           0.685     1.099    Clk_IBUF
    BUFGCTRL_X0Y0        BUFG (Prop_bufg_I_O)         0.029     1.128 r  Clk_IBUF_BUFG_inst/O
                         net (fo=34, routed)          0.856     1.983    Slow_Clk_0/Clk_IBUF_BUFG
    SLICE_X62Y19         FDRE                                         r  Slow_Clk_0/count_reg[3]/C
                         clock pessimism             -0.513     1.470    
    SLICE_X62Y19         FDRE (Hold_fdre_C_D)         0.105     1.575    Slow_Clk_0/count_reg[3]
  -------------------------------------------------------------------
                         required time                         -1.575    
                         arrival time                           1.856    
  -------------------------------------------------------------------
                         slack                                  0.281    

Slack (MET) :             0.296ns  (arrival time - required time)
  Source:                 Slow_Clk_0/count_reg[0]/C
                            (rising edge-triggered cell FDRE clocked by sys_clk_pin  {rise@0.000ns fall@5.000ns period=10.000ns})
  Destination:            Slow_Clk_0/count_reg[1]/D
                            (rising edge-triggered cell FDRE clocked by sys_clk_pin  {rise@0.000ns fall@5.000ns period=10.000ns})
  Path Group:             sys_clk_pin
  Path Type:              Hold (Min at Fast Process Corner)
  Requirement:            0.000ns  (sys_clk_pin rise@0.000ns - sys_clk_pin rise@0.000ns)
  Data Path Delay:        0.416ns  (logic 0.288ns (69.231%)  route 0.128ns (30.769%))
  Logic Levels:           1  (CARRY4=1)
  Clock Path Skew:        0.015ns (DCD - SCD - CPR)
    Destination Clock Delay (DCD):    1.983ns
    Source Clock Delay      (SCD):    1.469ns
    Clock Pessimism Removal (CPR):    0.499ns

    Location             Delay type                Incr(ns)  Path(ns)    Netlist Resource(s)
  -------------------------------------------------------------------    -------------------
                         (clock sys_clk_pin rise edge)
                                                      0.000     0.000 r  
    W5                                                0.000     0.000 r  Clk (IN)
                         net (fo=0)                   0.000     0.000    Clk
    W5                   IBUF (Prop_ibuf_I_O)         0.226     0.226 r  Clk_IBUF_inst/O
                         net (fo=1, routed)           0.631     0.858    Clk_IBUF
    BUFGCTRL_X0Y0        BUFG (Prop_bufg_I_O)         0.026     0.884 r  Clk_IBUF_BUFG_inst/O
                         net (fo=34, routed)          0.586     1.469    Slow_Clk_0/Clk_IBUF_BUFG
    SLICE_X63Y20         FDRE                                         r  Slow_Clk_0/count_reg[0]/C
  -------------------------------------------------------------------    -------------------
    SLICE_X63Y20         FDRE (Prop_fdre_C_Q)         0.141     1.610 r  Slow_Clk_0/count_reg[0]/Q
                         net (fo=3, routed)           0.128     1.738    Slow_Clk_0/count[0]
    SLICE_X62Y19         CARRY4 (Prop_carry4_CYINIT_O[0])
                                                      0.147     1.885 r  Slow_Clk_0/count0_carry/O[0]
                         net (fo=1, routed)           0.000     1.885    Slow_Clk_0/data0[1]
    SLICE_X62Y19         FDRE                                         r  Slow_Clk_0/count_reg[1]/D
  -------------------------------------------------------------------    -------------------

                         (clock sys_clk_pin rise edge)
                                                      0.000     0.000 r  
    W5                                                0.000     0.000 r  Clk (IN)
                         net (fo=0)                   0.000     0.000    Clk
    W5                   IBUF (Prop_ibuf_I_O)         0.414     0.414 r  Clk_IBUF_inst/O
                         net (fo=1, routed)           0.685     1.099    Clk_IBUF
    BUFGCTRL_X0Y0        BUFG (Prop_bufg_I_O)         0.029     1.128 r  Clk_IBUF_BUFG_inst/O
                         net (fo=34, routed)          0.856     1.983    Slow_Clk_0/Clk_IBUF_BUFG
    SLICE_X62Y19         FDRE                                         r  Slow_Clk_0/count_reg[1]/C
                         clock pessimism             -0.499     1.484    
    SLICE_X62Y19         FDRE (Hold_fdre_C_D)         0.105     1.589    Slow_Clk_0/count_reg[1]
  -------------------------------------------------------------------
                         required time                         -1.589    
                         arrival time                           1.885    
  -------------------------------------------------------------------
                         slack                                  0.296    

Slack (MET) :             0.313ns  (arrival time - required time)
  Source:                 Slow_Clk_0/count_reg[23]/C
                            (rising edge-triggered cell FDRE clocked by sys_clk_pin  {rise@0.000ns fall@5.000ns period=10.000ns})
  Destination:            Slow_Clk_0/count_reg[24]/D
                            (rising edge-triggered cell FDRE clocked by sys_clk_pin  {rise@0.000ns fall@5.000ns period=10.000ns})
  Path Group:             sys_clk_pin
  Path Type:              Hold (Min at Fast Process Corner)
  Requirement:            0.000ns  (sys_clk_pin rise@0.000ns - sys_clk_pin rise@0.000ns)
  Data Path Delay:        0.418ns  (logic 0.285ns (68.253%)  route 0.133ns (31.747%))
  Logic Levels:           1  (CARRY4=1)
  Clock Path Skew:        0.000ns (DCD - SCD - CPR)
    Destination Clock Delay (DCD):    1.977ns
    Source Clock Delay      (SCD):    1.465ns
    Clock Pessimism Removal (CPR):    0.512ns

    Location             Delay type                Incr(ns)  Path(ns)    Netlist Resource(s)
  -------------------------------------------------------------------    -------------------
                         (clock sys_clk_pin rise edge)
                                                      0.000     0.000 r  
    W5                                                0.000     0.000 r  Clk (IN)
                         net (fo=0)                   0.000     0.000    Clk
    W5                   IBUF (Prop_ibuf_I_O)         0.226     0.226 r  Clk_IBUF_inst/O
                         net (fo=1, routed)           0.631     0.858    Clk_IBUF
    BUFGCTRL_X0Y0        BUFG (Prop_bufg_I_O)         0.026     0.884 r  Clk_IBUF_BUFG_inst/O
                         net (fo=34, routed)          0.582     1.465    Slow_Clk_0/Clk_IBUF_BUFG
    SLICE_X62Y24         FDRE                                         r  Slow_Clk_0/count_reg[23]/C
  -------------------------------------------------------------------    -------------------
    SLICE_X62Y24         FDRE (Prop_fdre_C_Q)         0.141     1.606 r  Slow_Clk_0/count_reg[23]/Q
                         net (fo=2, routed)           0.133     1.739    Slow_Clk_0/count[23]
    SLICE_X62Y24         CARRY4 (Prop_carry4_S[2]_O[3])
                                                      0.144     1.883 r  Slow_Clk_0/count0_carry__4/O[3]
                         net (fo=1, routed)           0.000     1.883    Slow_Clk_0/data0[24]
    SLICE_X62Y24         FDRE                                         r  Slow_Clk_0/count_reg[24]/D
  -------------------------------------------------------------------    -------------------

                         (clock sys_clk_pin rise edge)
                                                      0.000     0.000 r  
    W5                                                0.000     0.000 r  Clk (IN)
                         net (fo=0)                   0.000     0.000    Clk
    W5                   IBUF (Prop_ibuf_I_O)         0.414     0.414 r  Clk_IBUF_inst/O
                         net (fo=1, routed)           0.685     1.099    Clk_IBUF
    BUFGCTRL_X0Y0        BUFG (Prop_bufg_I_O)         0.029     1.128 r  Clk_IBUF_BUFG_inst/O
                         net (fo=34, routed)          0.850     1.977    Slow_Clk_0/Clk_IBUF_BUFG
    SLICE_X62Y24         FDRE                                         r  Slow_Clk_0/count_reg[24]/C
                         clock pessimism             -0.512     1.465    
    SLICE_X62Y24         FDRE (Hold_fdre_C_D)         0.105     1.570    Slow_Clk_0/count_reg[24]
  -------------------------------------------------------------------
                         required time                         -1.570    
                         arrival time                           1.883    
  -------------------------------------------------------------------
                         slack                                  0.313    

Slack (MET) :             0.313ns  (arrival time - required time)
  Source:                 Slow_Clk_0/count_reg[27]/C
                            (rising edge-triggered cell FDRE clocked by sys_clk_pin  {rise@0.000ns fall@5.000ns period=10.000ns})
  Destination:            Slow_Clk_0/count_reg[28]/D
                            (rising edge-triggered cell FDRE clocked by sys_clk_pin  {rise@0.000ns fall@5.000ns period=10.000ns})
  Path Group:             sys_clk_pin
  Path Type:              Hold (Min at Fast Process Corner)
  Requirement:            0.000ns  (sys_clk_pin rise@0.000ns - sys_clk_pin rise@0.000ns)
  Data Path Delay:        0.418ns  (logic 0.285ns (68.253%)  route 0.133ns (31.747%))
  Logic Levels:           1  (CARRY4=1)
  Clock Path Skew:        0.000ns (DCD - SCD - CPR)
    Destination Clock Delay (DCD):    1.977ns
    Source Clock Delay      (SCD):    1.465ns
    Clock Pessimism Removal (CPR):    0.512ns

    Location             Delay type                Incr(ns)  Path(ns)    Netlist Resource(s)
  -------------------------------------------------------------------    -------------------
                         (clock sys_clk_pin rise edge)
                                                      0.000     0.000 r  
    W5                                                0.000     0.000 r  Clk (IN)
                         net (fo=0)                   0.000     0.000    Clk
    W5                   IBUF (Prop_ibuf_I_O)         0.226     0.226 r  Clk_IBUF_inst/O
                         net (fo=1, routed)           0.631     0.858    Clk_IBUF
    BUFGCTRL_X0Y0        BUFG (Prop_bufg_I_O)         0.026     0.884 r  Clk_IBUF_BUFG_inst/O
                         net (fo=34, routed)          0.582     1.465    Slow_Clk_0/Clk_IBUF_BUFG
    SLICE_X62Y25         FDRE                                         r  Slow_Clk_0/count_reg[27]/C
  -------------------------------------------------------------------    -------------------
    SLICE_X62Y25         FDRE (Prop_fdre_C_Q)         0.141     1.606 r  Slow_Clk_0/count_reg[27]/Q
                         net (fo=2, routed)           0.133     1.739    Slow_Clk_0/count[27]
    SLICE_X62Y25         CARRY4 (Prop_carry4_S[2]_O[3])
                                                      0.144     1.883 r  Slow_Clk_0/count0_carry__5/O[3]
                         net (fo=1, routed)           0.000     1.883    Slow_Clk_0/data0[28]
    SLICE_X62Y25         FDRE                                         r  Slow_Clk_0/count_reg[28]/D
  -------------------------------------------------------------------    -------------------

                         (clock sys_clk_pin rise edge)
                                                      0.000     0.000 r  
    W5                                                0.000     0.000 r  Clk (IN)
                         net (fo=0)                   0.000     0.000    Clk
    W5                   IBUF (Prop_ibuf_I_O)         0.414     0.414 r  Clk_IBUF_inst/O
                         net (fo=1, routed)           0.685     1.099    Clk_IBUF
    BUFGCTRL_X0Y0        BUFG (Prop_bufg_I_O)         0.029     1.128 r  Clk_IBUF_BUFG_inst/O
                         net (fo=34, routed)          0.850     1.977    Slow_Clk_0/Clk_IBUF_BUFG
    SLICE_X62Y25         FDRE                                         r  Slow_Clk_0/count_reg[28]/C
                         clock pessimism             -0.512     1.465    
    SLICE_X62Y25         FDRE (Hold_fdre_C_D)         0.105     1.570    Slow_Clk_0/count_reg[28]
  -------------------------------------------------------------------
                         required time                         -1.570    
                         arrival time                           1.883    
  -------------------------------------------------------------------
                         slack                                  0.313    

Slack (MET) :             0.314ns  (arrival time - required time)
  Source:                 Slow_Clk_0/count_reg[15]/C
                            (rising edge-triggered cell FDRE clocked by sys_clk_pin  {rise@0.000ns fall@5.000ns period=10.000ns})
  Destination:            Slow_Clk_0/count_reg[16]/D
                            (rising edge-triggered cell FDRE clocked by sys_clk_pin  {rise@0.000ns fall@5.000ns period=10.000ns})
  Path Group:             sys_clk_pin
  Path Type:              Hold (Min at Fast Process Corner)
  Requirement:            0.000ns  (sys_clk_pin rise@0.000ns - sys_clk_pin rise@0.000ns)
  Data Path Delay:        0.419ns  (logic 0.285ns (68.085%)  route 0.134ns (31.915%))
  Logic Levels:           1  (CARRY4=1)
  Clock Path Skew:        0.000ns (DCD - SCD - CPR)
    Destination Clock Delay (DCD):    1.980ns
    Source Clock Delay      (SCD):    1.468ns
    Clock Pessimism Removal (CPR):    0.512ns

    Location             Delay type                Incr(ns)  Path(ns)    Netlist Resource(s)
  -------------------------------------------------------------------    -------------------
                         (clock sys_clk_pin rise edge)
                                                      0.000     0.000 r  
    W5                                                0.000     0.000 r  Clk (IN)
                         net (fo=0)                   0.000     0.000    Clk
    W5                   IBUF (Prop_ibuf_I_O)         0.226     0.226 r  Clk_IBUF_inst/O
                         net (fo=1, routed)           0.631     0.858    Clk_IBUF
    BUFGCTRL_X0Y0        BUFG (Prop_bufg_I_O)         0.026     0.884 r  Clk_IBUF_BUFG_inst/O
                         net (fo=34, routed)          0.585     1.468    Slow_Clk_0/Clk_IBUF_BUFG
    SLICE_X62Y22         FDRE                                         r  Slow_Clk_0/count_reg[15]/C
  -------------------------------------------------------------------    -------------------
    SLICE_X62Y22         FDRE (Prop_fdre_C_Q)         0.141     1.609 r  Slow_Clk_0/count_reg[15]/Q
                         net (fo=2, routed)           0.134     1.743    Slow_Clk_0/count[15]
    SLICE_X62Y22         CARRY4 (Prop_carry4_S[2]_O[3])
                                                      0.144     1.887 r  Slow_Clk_0/count0_carry__2/O[3]
                         net (fo=1, routed)           0.000     1.887    Slow_Clk_0/data0[16]
    SLICE_X62Y22         FDRE                                         r  Slow_Clk_0/count_reg[16]/D
  -------------------------------------------------------------------    -------------------

                         (clock sys_clk_pin rise edge)
                                                      0.000     0.000 r  
    W5                                                0.000     0.000 r  Clk (IN)
                         net (fo=0)                   0.000     0.000    Clk
    W5                   IBUF (Prop_ibuf_I_O)         0.414     0.414 r  Clk_IBUF_inst/O
                         net (fo=1, routed)           0.685     1.099    Clk_IBUF
    BUFGCTRL_X0Y0        BUFG (Prop_bufg_I_O)         0.029     1.128 r  Clk_IBUF_BUFG_inst/O
                         net (fo=34, routed)          0.853     1.980    Slow_Clk_0/Clk_IBUF_BUFG
    SLICE_X62Y22         FDRE                                         r  Slow_Clk_0/count_reg[16]/C
                         clock pessimism             -0.512     1.468    
    SLICE_X62Y22         FDRE (Hold_fdre_C_D)         0.105     1.573    Slow_Clk_0/count_reg[16]
  -------------------------------------------------------------------
                         required time                         -1.573    
                         arrival time                           1.887    
  -------------------------------------------------------------------
                         slack                                  0.314    





Pulse Width Checks
--------------------------------------------------------------------------------------
Clock Name:         sys_clk_pin
Waveform(ns):       { 0.000 5.000 }
Period(ns):         10.000
Sources:            { Clk }

Check Type        Corner  Lib Pin  Reference Pin  Required(ns)  Actual(ns)  Slack(ns)  Location       Pin
Min Period        n/a     BUFG/I   n/a            2.155         10.000      7.845      BUFGCTRL_X0Y0  Clk_IBUF_BUFG_inst/I
Min Period        n/a     FDRE/C   n/a            1.000         10.000      9.000      SLICE_X64Y22   Slow_Clk_0/Clk_out_reg/C
Min Period        n/a     FDRE/C   n/a            1.000         10.000      9.000      SLICE_X64Y22   Slow_Clk_0/clk_status_reg/C
Min Period        n/a     FDRE/C   n/a            1.000         10.000      9.000      SLICE_X63Y20   Slow_Clk_0/count_reg[0]/C
Min Period        n/a     FDRE/C   n/a            1.000         10.000      9.000      SLICE_X62Y21   Slow_Clk_0/count_reg[10]/C
Min Period        n/a     FDRE/C   n/a            1.000         10.000      9.000      SLICE_X62Y21   Slow_Clk_0/count_reg[11]/C
Min Period        n/a     FDRE/C   n/a            1.000         10.000      9.000      SLICE_X62Y21   Slow_Clk_0/count_reg[12]/C
Min Period        n/a     FDRE/C   n/a            1.000         10.000      9.000      SLICE_X62Y22   Slow_Clk_0/count_reg[13]/C
Min Period        n/a     FDRE/C   n/a            1.000         10.000      9.000      SLICE_X62Y22   Slow_Clk_0/count_reg[14]/C
Min Period        n/a     FDRE/C   n/a            1.000         10.000      9.000      SLICE_X62Y22   Slow_Clk_0/count_reg[15]/C
Low Pulse Width   Fast    FDRE/C   n/a            0.500         5.000       4.500      SLICE_X64Y22   Slow_Clk_0/Clk_out_reg/C
Low Pulse Width   Fast    FDRE/C   n/a            0.500         5.000       4.500      SLICE_X64Y22   Slow_Clk_0/clk_status_reg/C
Low Pulse Width   Slow    FDRE/C   n/a            0.500         5.000       4.500      SLICE_X63Y20   Slow_Clk_0/count_reg[0]/C
Low Pulse Width   Slow    FDRE/C   n/a            0.500         5.000       4.500      SLICE_X62Y21   Slow_Clk_0/count_reg[10]/C
Low Pulse Width   Fast    FDRE/C   n/a            0.500         5.000       4.500      SLICE_X62Y21   Slow_Clk_0/count_reg[10]/C
Low Pulse Width   Slow    FDRE/C   n/a            0.500         5.000       4.500      SLICE_X62Y21   Slow_Clk_0/count_reg[11]/C
Low Pulse Width   Fast    FDRE/C   n/a            0.500         5.000       4.500      SLICE_X62Y21   Slow_Clk_0/count_reg[11]/C
Low Pulse Width   Slow    FDRE/C   n/a            0.500         5.000       4.500      SLICE_X62Y21   Slow_Clk_0/count_reg[12]/C
Low Pulse Width   Fast    FDRE/C   n/a            0.500         5.000       4.500      SLICE_X62Y21   Slow_Clk_0/count_reg[12]/C
Low Pulse Width   Fast    FDRE/C   n/a            0.500         5.000       4.500      SLICE_X62Y22   Slow_Clk_0/count_reg[13]/C
High Pulse Width  Slow    FDRE/C   n/a            0.500         5.000       4.500      SLICE_X64Y22   Slow_Clk_0/Clk_out_reg/C
High Pulse Width  Slow    FDRE/C   n/a            0.500         5.000       4.500      SLICE_X64Y22   Slow_Clk_0/clk_status_reg/C
High Pulse Width  Slow    FDRE/C   n/a            0.500         5.000       4.500      SLICE_X62Y22   Slow_Clk_0/count_reg[13]/C
High Pulse Width  Slow    FDRE/C   n/a            0.500         5.000       4.500      SLICE_X62Y22   Slow_Clk_0/count_reg[14]/C
High Pulse Width  Slow    FDRE/C   n/a            0.500         5.000       4.500      SLICE_X62Y22   Slow_Clk_0/count_reg[15]/C
High Pulse Width  Slow    FDRE/C   n/a            0.500         5.000       4.500      SLICE_X62Y22   Slow_Clk_0/count_reg[16]/C
High Pulse Width  Slow    FDRE/C   n/a            0.500         5.000       4.500      SLICE_X62Y23   Slow_Clk_0/count_reg[17]/C
High Pulse Width  Slow    FDRE/C   n/a            0.500         5.000       4.500      SLICE_X62Y23   Slow_Clk_0/count_reg[18]/C
High Pulse Width  Slow    FDRE/C   n/a            0.500         5.000       4.500      SLICE_X62Y23   Slow_Clk_0/count_reg[19]/C
High Pulse Width  Slow    FDRE/C   n/a            0.500         5.000       4.500      SLICE_X62Y23   Slow_Clk_0/count_reg[20]/C



